androidVideoCaptureExample/build/outputs/logs/manifest-merger-debug-report.txt
-- Merging decision tree log ---
manifest
ADDED from src/main/AndroidManifest.xml:2:1-38:12
	package
		ADDED from src/main/AndroidManifest.xml:3:5-59
		INJECTED from src/main/AndroidManifest.xml
		INJECTED from src/main/AndroidManifest.xml
	android:versionName
		ADDED from src/main/AndroidManifest.xml:5:5-30
		INJECTED from src/main/AndroidManifest.xml
		INJECTED from src/main/AndroidManifest.xml
	android:versionCode
		ADDED from src/main/AndroidManifest.xml:4:5-28
		INJECTED from src/main/AndroidManifest.xml
		INJECTED from src/main/AndroidManifest.xml
	xmlns:android
		ADDED from src/main/AndroidManifest.xml:2:11-69
uses-sdk
ADDED from src/main/AndroidManifest.xml:7:5-9:41
	android:targetSdkVersion
		ADDED from src/main/AndroidManifest.xml:9:9-38
		INJECTED from src/main/AndroidManifest.xml
		INJECTED from src/main/AndroidManifest.xml
	android:minSdkVersion
		ADDED from src/main/AndroidManifest.xml:8:9-35
		INJECTED from src/main/AndroidManifest.xml
		INJECTED from src/main/AndroidManifest.xml
uses-permission#android.permission.WRITE_EXTERNAL_STORAGE
ADDED from src/main/AndroidManifest.xml:11:5-81
	android:name
		ADDED from src/main/AndroidManifest.xml:11:22-78
uses-permission#android.permission.RECORD_AUDIO
ADDED from src/main/AndroidManifest.xml:12:5-71
	android:name
		ADDED from src/main/AndroidManifest.xml:12:22-68
uses-permission#android.permission.CAMERA
ADDED from src/main/AndroidManifest.xml:13:5-65
	android:name
		ADDED from src/main/AndroidManifest.xml:13:22-62
uses-feature#android.hardware.camera
ADDED from src/main/AndroidManifest.xml:15:5-60
	android:name
		ADDED from src/main/AndroidManifest.xml:15:19-57
uses-feature#android.hardware.camera.autofocus
ADDED from src/main/AndroidManifest.xml:16:5-70
	android:name
		ADDED from src/main/AndroidManifest.xml:16:19-67
uses-feature#android.hardware.camera.front
ADDED from src/main/AndroidManifest.xml:17:5-19:36
	android:required
		ADDED from src/main/AndroidManifest.xml:19:9-33
	android:name
		ADDED from src/main/AndroidManifest.xml:18:9-53
application
ADDED from src/main/AndroidManifest.xml:21:5-36:19
	android:screenOrientation
		ADDED from src/main/AndroidManifest.xml:25:9-46
	android:label
		ADDED from src/main/AndroidManifest.xml:24:9-41
	android:allowBackup
		ADDED from src/main/AndroidManifest.xml:22:9-35
	android:icon
		ADDED from src/main/AndroidManifest.xml:23:9-45
	android:theme
		ADDED from src/main/AndroidManifest.xml:26:9-67
activity#com.javacodegeeks.androidvideocaptureexample.AndroidVideoCaptureExample
ADDED from src/main/AndroidManifest.xml:27:9-35:20
	android:label
		ADDED from src/main/AndroidManifest.xml:29:13-45
	android:name
		ADDED from src/main/AndroidManifest.xml:28:13-99
intent-filter#android.intent.action.MAIN+android.intent.category.LAUNCHER
ADDED from src/main/AndroidManifest.xml:30:13-34:29
action#android.intent.action.MAIN
ADDED from src/main/AndroidManifest.xml:31:17-69
	android:name
		ADDED from src/main/AndroidManifest.xml:31:25-66
category#android.intent.category.LAUNCHER
ADDED from src/main/AndroidManifest.xml:33:17-77
	android:name
		ADDED from src/main/AndroidManifest.xml:33:27-74